time="2023-04-17T21:44:29+07:00" level=info msg="[GIN] 2023/04/17 - 21:44:29 | 400 |     576.517µs |             ::1 | POST     \"/api/remove/2cb3da39903d40be9b15794503b203e5.png\""
time="2023-04-17T21:56:44+07:00" level=info msg="[GIN] 2023/04/17 - 21:56:44 | 400 |     521.948µs |             ::1 | POST     \"/api/remove/2cb3da39903d40be9b15794503b203e5.png\""
time="2023-04-17T21:56:56+07:00" level=info msg="[GIN] 2023/04/17 - 21:56:56 | 400 |     280.751µs |             ::1 | POST     \"/api/remove/2cb3da39903d40be9b15794503b203e5.png\""
time="2023-04-17T21:57:36+07:00" level=info msg="[GIN] 2023/04/17 - 21:57:36 | 400 |      98.074µs |             ::1 | POST     \"/api/remove/2cb3da39903d40be9b15794503b203e5.png\""
time="2023-04-17T21:57:36+07:00" level=info msg="[GIN] 2023/04/17 - 21:57:36 | 400 |     181.377µs |             ::1 | POST     \"/api/remove/2cb3da39903d40be9b15794503b203e5.png\""
time="2023-04-17T22:01:12+07:00" level=info msg="[GIN] 2023/04/17 - 22:01:12 | 400 |     331.696µs |             ::1 | POST     \"/api/remove/2cb3da39903d40be9b15794503b203e5.png\""
time="2023-04-17T22:01:13+07:00" level=info msg="[GIN] 2023/04/17 - 22:01:13 | 400 |     118.453µs |             ::1 | POST     \"/api/remove/2cb3da39903d40be9b15794503b203e5.png\""
time="2023-04-17T22:01:14+07:00" level=info msg="[GIN] 2023/04/17 - 22:01:14 | 400 |      98.129µs |             ::1 | POST     \"/api/remove/2cb3da39903d40be9b15794503b203e5.png\""
time="2023-04-18T13:10:26+07:00" level=info msg="[GIN] 2023/04/18 - 13:10:26 | 400 |      88.354µs |             ::1 | GET      \"/api/jwt\""
time="2023-04-18T13:10:30+07:00" level=info msg="[GIN] 2023/04/18 - 13:10:30 | 400 |      16.438µs |             ::1 | GET      \"/api/jwt\""
time="2023-04-18T13:12:58+07:00" level=info msg="[GIN] 2023/04/18 - 13:12:58 | 400 |     158.703µs |             ::1 | GET      \"/api/jwt\""
time="2023-04-18T13:16:35+07:00" level=info msg="[GIN] 2023/04/18 - 13:16:35 | 400 |     428.841µs |             ::1 | GET      \"/api/jwt\""
time="2023-04-18T13:17:03+07:00" level=info msg="[GIN] 2023/04/18 - 13:17:03 | 400 |     164.079µs |             ::1 | GET      \"/api/jwt\""
time="2023-04-18T13:17:04+07:00" level=info msg="[GIN] 2023/04/18 - 13:17:04 | 400 |      33.169µs |             ::1 | GET      \"/api/jwt\""
time="2023-04-18T13:17:05+07:00" level=info msg="[GIN] 2023/04/18 - 13:17:05 | 400 |      36.557µs |             ::1 | GET      \"/api/jwt\""
time="2023-04-18T13:17:05+07:00" level=info msg="[GIN] 2023/04/18 - 13:17:05 | 400 |      38.249µs |             ::1 | GET      \"/api/jwt\""
time="2023-04-18T13:21:23+07:00" level=info msg="[GIN] 2023/04/18 - 13:21:23 | 200 |     153.226µs |             ::1 | GET      \"/api/jwt\""
time="2023-04-18T13:21:34+07:00" level=info msg="[GIN] 2023/04/18 - 13:21:34 | 200 |      47.661µs |             ::1 | GET      \"/api/jwt\""
time="2023-04-18T13:21:35+07:00" level=info msg="[GIN] 2023/04/18 - 13:21:35 | 200 |      44.672µs |             ::1 | GET      \"/api/jwt\""
time="2023-04-18T13:25:56+07:00" level=info msg="[GIN] 2023/04/18 - 13:25:56 | 200 |     333.273µs |             ::1 | GET      \"/api/jwt\""
time="2023-04-18T13:26:26+07:00" level=info msg="[GIN] 2023/04/18 - 13:26:26 | 200 |     337.751µs |             ::1 | GET      \"/api/jwt\""
time="2023-04-18T13:26:38+07:00" level=info msg="[GIN] 2023/04/18 - 13:26:38 | 200 |     344.557µs |             ::1 | GET      \"/api/jwt\""
time="2023-04-18T13:26:56+07:00" level=info msg="[GIN] 2023/04/18 - 13:26:56 | 200 |     401.292µs |             ::1 | GET      \"/api/jwt\""
time="2023-04-18T13:28:24+07:00" level=info msg="[GIN] 2023/04/18 - 13:28:24 | 200 |    1.053993ms |             ::1 | GET      \"/api/jwt\""
time="2023-04-18T13:36:47+07:00" level=info msg="[GIN] 2023/04/18 - 13:36:47 | 200 |     371.724µs |             ::1 | GET      \"/api/jwt\""
time="2023-04-18T13:38:32+07:00" level=info msg="[GIN] 2023/04/18 - 13:38:32 | 200 |     374.601µs |             ::1 | GET      \"/api/jwt\""
time="2023-04-18T13:38:45+07:00" level=info msg="[GIN] 2023/04/18 - 13:38:45 | 200 |       134.7µs |             ::1 | GET      \"/api/jwt\""
time="2023-04-18T13:38:46+07:00" level=info msg="[GIN] 2023/04/18 - 13:38:46 | 200 |      181.66µs |             ::1 | GET      \"/api/jwt\""
time="2023-04-18T13:39:05+07:00" level=info msg="[GIN] 2023/04/18 - 13:39:05 | 200 |      99.121µs |             ::1 | GET      \"/api/jwt\""
time="2023-04-18T13:39:35+07:00" level=info msg="[GIN] 2023/04/18 - 13:39:35 | 200 |     342.941µs |             ::1 | GET      \"/api/jwt\""
time="2023-04-18T13:41:53+07:00" level=info msg="[GIN] 2023/04/18 - 13:41:53 | 200 |     484.311µs |             ::1 | GET      \"/api/jwt\""
time="2023-04-18T13:42:27+07:00" level=info msg="[GIN] 2023/04/18 - 13:42:27 | 200 |     329.851µs |             ::1 | GET      \"/api/jwt\""
time="2023-04-18T14:03:33+07:00" level=info msg="[GIN] 2023/04/18 - 14:03:33 | 200 |     997.538µs |             ::1 | GET      \"/api/jwt\""
time="2023-04-18T14:11:09+07:00" level=info msg="[GIN] 2023/04/18 - 14:11:09 | 200 |     749.512µs |             ::1 | GET      \"/api/jwt\""
time="2023-04-18T14:11:33+07:00" level=info msg="[GIN] 2023/04/18 - 14:11:33 | 200 |      383.61µs |             ::1 | GET      \"/api/jwt\""
time="2023-04-18T14:15:03+07:00" level=info msg="[GIN] 2023/04/18 - 14:15:03 | 200 |     202.308µs |             ::1 | GET      \"/api/jwt\""
time="2023-04-18T14:27:20+07:00" level=info msg="[GIN] 2023/04/18 - 14:27:20 | 200 |      211.23µs |             ::1 | GET      \"/api/jwt\""
time="2023-04-19T22:19:31+07:00" level=info msg="[GIN] 2023/04/19 - 22:19:31 | 200 |      1.3075ms |             ::1 | GET      \"/api/jwt\""
time="2023-04-19T22:24:05+07:00" level=info msg="[GIN] 2023/04/19 - 22:24:05 | 404 |            0s |             ::1 | GET      \"/api/\""
time="2023-04-19T22:24:35+07:00" level=info msg="[GIN] 2023/04/19 - 22:24:35 | 400 |       555.7µs |             ::1 | GET      \"/api/user\""
time="2023-04-19T22:24:36+07:00" level=info msg="[GIN] 2023/04/19 - 22:24:36 | 400 |            0s |             ::1 | GET      \"/api/user\""
time="2023-04-19T22:24:49+07:00" level=info msg="[GIN] 2023/04/19 - 22:24:49 | 400 |            0s |             ::1 | GET      \"/api/user\""
time="2023-04-19T22:24:49+07:00" level=info msg="[GIN] 2023/04/19 - 22:24:49 | 400 |            0s |             ::1 | GET      \"/api/user\""
time="2023-04-19T22:24:50+07:00" level=info msg="[GIN] 2023/04/19 - 22:24:50 | 400 |            0s |             ::1 | GET      \"/api/user\""
time="2023-04-19T22:25:05+07:00" level=info msg="[GIN] 2023/04/19 - 22:25:05 | 400 |        85.1µs |             ::1 | GET      \"/api/user\""
time="2023-04-19T22:25:12+07:00" level=info msg="[GIN] 2023/04/19 - 22:25:12 | 400 |            0s |             ::1 | GET      \"/api/user\""
time="2023-04-19T22:25:12+07:00" level=info msg="[GIN] 2023/04/19 - 22:25:12 | 400 |            0s |             ::1 | GET      \"/api/user\""
time="2023-04-19T22:35:38+07:00" level=info msg="[GIN] 2023/04/19 - 22:35:38 | 400 |            0s |             ::1 | GET      \"/api/user\""
time="2023-04-19T22:36:23+07:00" level=info msg="[GIN] 2023/04/19 - 22:36:23 | 400 |            0s |             ::1 | GET      \"/api/user\""
time="2023-04-19T22:49:10+07:00" level=info msg="[GIN] 2023/04/19 - 22:49:10 | 400 |      1.3806ms |             ::1 | GET      \"/api/user\""
time="2023-04-19T22:49:13+07:00" level=info msg="[GIN] 2023/04/19 - 22:49:13 | 400 |       917.8µs |             ::1 | GET      \"/api/user\""
time="2023-04-19T22:49:13+07:00" level=info msg="[GIN] 2023/04/19 - 22:49:13 | 400 |       998.4µs |             ::1 | GET      \"/api/user\""
time="2023-04-19T22:49:15+07:00" level=info msg="[GIN] 2023/04/19 - 22:49:15 | 400 |            0s |             ::1 | GET      \"/api/user\""
time="2023-04-19T22:49:15+07:00" level=info msg="[GIN] 2023/04/19 - 22:49:15 | 400 |       931.7µs |             ::1 | GET      \"/api/user\""
time="2023-04-19T22:49:35+07:00" level=info msg="[GIN] 2023/04/19 - 22:49:35 | 401 |            0s |             ::1 | GET      \"/api/user\""
time="2023-04-19T22:49:36+07:00" level=info msg="[GIN] 2023/04/19 - 22:49:36 | 401 |            0s |             ::1 | GET      \"/api/user\""
time="2023-04-19T22:49:36+07:00" level=info msg="[GIN] 2023/04/19 - 22:49:36 | 401 |            0s |             ::1 | GET      \"/api/user\""
time="2023-04-19T22:49:38+07:00" level=info msg="[GIN] 2023/04/19 - 22:49:38 | 400 |       565.9µs |             ::1 | GET      \"/api/user\""
time="2023-04-19T22:49:39+07:00" level=info msg="[GIN] 2023/04/19 - 22:49:39 | 400 |       300.6µs |             ::1 | GET      \"/api/user\""
time="2023-04-19T22:49:40+07:00" level=info msg="[GIN] 2023/04/19 - 22:49:40 | 400 |      1.0028ms |             ::1 | GET      \"/api/user\""
time="2023-04-19T22:49:41+07:00" level=info msg="[GIN] 2023/04/19 - 22:49:41 | 400 |            0s |             ::1 | GET      \"/api/user\""
time="2023-04-19T22:49:46+07:00" level=info msg="[GIN] 2023/04/19 - 22:49:46 | 401 |            0s |             ::1 | GET      \"/api/user\""
time="2023-04-19T22:49:51+07:00" level=info msg="[GIN] 2023/04/19 - 22:49:51 | 401 |            0s |             ::1 | GET      \"/api/user\""
time="2023-04-19T22:49:51+07:00" level=info msg="[GIN] 2023/04/19 - 22:49:51 | 401 |            0s |             ::1 | GET      \"/api/user\""
time="2023-04-19T22:49:52+07:00" level=info msg="[GIN] 2023/04/19 - 22:49:52 | 401 |            0s |             ::1 | GET      \"/api/user\""
time="2023-04-19T23:40:38+07:00" level=info msg="[GIN] 2023/04/19 - 23:40:38 | 401 |            0s |             ::1 | GET      \"/api/jwt\""
time="2023-04-19T23:42:51+07:00" level=info msg="[GIN] 2023/04/19 - 23:42:51 | 200 |       798.7µs |             ::1 | GET      \"/api/jwt\""
time="2023-04-19T23:43:46+07:00" level=info msg="[GIN] 2023/04/19 - 23:43:46 | 401 |            0s |             ::1 | GET      \"/api/user\""
time="2023-04-19T23:43:56+07:00" level=info msg="[GIN] 2023/04/19 - 23:43:56 | 400 |       381.3µs |             ::1 | GET      \"/api/user\""
time="2023-04-19T23:43:57+07:00" level=info msg="[GIN] 2023/04/19 - 23:43:57 | 400 |       515.2µs |             ::1 | GET      \"/api/user\""
time="2023-04-19T23:43:57+07:00" level=info msg="[GIN] 2023/04/19 - 23:43:57 | 400 |            0s |             ::1 | GET      \"/api/user\""
time="2023-04-19T23:44:00+07:00" level=info msg="[GIN] 2023/04/19 - 23:44:00 | 400 |       550.8µs |             ::1 | GET      \"/api/user\""
time="2023-04-19T23:44:07+07:00" level=info msg="[GIN] 2023/04/19 - 23:44:07 | 401 |       791.8µs |             ::1 | GET      \"/api/user\""
time="2023-04-19T23:44:08+07:00" level=info msg="[GIN] 2023/04/19 - 23:44:08 | 401 |       987.1µs |             ::1 | GET      \"/api/user\""
time="2023-04-19T23:44:13+07:00" level=info msg="[GIN] 2023/04/19 - 23:44:13 | 400 |       621.9µs |             ::1 | GET      \"/api/user\""
time="2023-04-19T23:44:14+07:00" level=info msg="[GIN] 2023/04/19 - 23:44:14 | 400 |      2.0747ms |             ::1 | GET      \"/api/user\""
time="2023-04-19T23:44:14+07:00" level=info msg="[GIN] 2023/04/19 - 23:44:14 | 400 |      1.2403ms |             ::1 | GET      \"/api/user\""
time="2023-04-19T23:44:15+07:00" level=info msg="[GIN] 2023/04/19 - 23:44:15 | 400 |       988.8µs |             ::1 | GET      \"/api/user\""
time="2023-04-19T23:44:15+07:00" level=info msg="[GIN] 2023/04/19 - 23:44:15 | 400 |       623.3µs |             ::1 | GET      \"/api/user\""
time="2023-04-19T23:44:16+07:00" level=info msg="[GIN] 2023/04/19 - 23:44:16 | 400 |        58.9µs |             ::1 | GET      \"/api/user\""
time="2023-04-19T23:44:16+07:00" level=info msg="[GIN] 2023/04/19 - 23:44:16 | 400 |       600.5µs |             ::1 | GET      \"/api/user\""
time="2023-04-19T23:44:16+07:00" level=info msg="[GIN] 2023/04/19 - 23:44:16 | 400 |       709.9µs |             ::1 | GET      \"/api/user\""
time="2023-04-19T23:44:17+07:00" level=info msg="[GIN] 2023/04/19 - 23:44:17 | 400 |         758µs |             ::1 | GET      \"/api/user\""
time="2023-04-19T23:50:25+07:00" level=info msg="[GIN] 2023/04/19 - 23:50:25 | 401 |       966.6µs |             ::1 | GET      \"/api/user\""
time="2023-04-19T23:50:26+07:00" level=info msg="[GIN] 2023/04/19 - 23:50:26 | 401 |       250.6µs |             ::1 | GET      \"/api/user\""
time="2023-04-19T23:50:42+07:00" level=info msg="[GIN] 2023/04/19 - 23:50:42 | 401 |      2.5792ms |             ::1 | GET      \"/api/user\""
time="2023-04-19T23:50:42+07:00" level=info msg="[GIN] 2023/04/19 - 23:50:42 | 401 |      5.0268ms |             ::1 | GET      \"/api/user\""
time="2023-04-19T23:55:25+07:00" level=info msg="[GIN] 2023/04/19 - 23:55:25 | 401 |         498µs |             ::1 | GET      \"/api/user\""
time="2023-04-19T23:55:26+07:00" level=info msg="[GIN] 2023/04/19 - 23:55:26 | 401 |       872.9µs |             ::1 | GET      \"/api/user\""
time="2023-04-19T23:55:27+07:00" level=info msg="[GIN] 2023/04/19 - 23:55:27 | 401 |            0s |             ::1 | GET      \"/api/user\""
time="2023-04-19T23:55:28+07:00" level=info msg="[GIN] 2023/04/19 - 23:55:28 | 401 |            0s |             ::1 | GET      \"/api/user\""
time="2023-04-19T23:56:00+07:00" level=info msg="[GIN] 2023/04/19 - 23:56:00 | 401 |            0s |             ::1 | GET      \"/api/user\""
time="2023-04-19T23:56:01+07:00" level=info msg="[GIN] 2023/04/19 - 23:56:01 | 401 |            0s |             ::1 | GET      \"/api/user\""
time="2023-04-19T23:56:02+07:00" level=info msg="[GIN] 2023/04/19 - 23:56:02 | 401 |            0s |             ::1 | GET      \"/api/user\""
time="2023-04-19T23:56:02+07:00" level=info msg="[GIN] 2023/04/19 - 23:56:02 | 401 |            0s |             ::1 | GET      \"/api/user\""
time="2023-04-19T23:56:03+07:00" level=info msg="[GIN] 2023/04/19 - 23:56:03 | 401 |            0s |             ::1 | GET      \"/api/user\""
time="2023-04-19T23:56:07+07:00" level=info msg="[GIN] 2023/04/19 - 23:56:07 | 401 |            0s |             ::1 | GET      \"/api/user\""
time="2023-04-19T23:56:07+07:00" level=info msg="[GIN] 2023/04/19 - 23:56:07 | 401 |            0s |             ::1 | GET      \"/api/user\""
time="2023-04-19T23:56:11+07:00" level=info msg="[GIN] 2023/04/19 - 23:56:11 | 401 |       220.9µs |             ::1 | GET      \"/api/user\""
time="2023-04-19T23:56:12+07:00" level=info msg="[GIN] 2023/04/19 - 23:56:12 | 401 |       368.5µs |             ::1 | GET      \"/api/user\""
time="2023-04-19T23:56:41+07:00" level=info msg="[GIN] 2023/04/19 - 23:56:41 | 401 |       199.2µs |             ::1 | GET      \"/api/user\""
time="2023-04-19T23:56:41+07:00" level=info msg="[GIN] 2023/04/19 - 23:56:41 | 401 |       245.6µs |             ::1 | GET      \"/api/user\""
time="2023-04-19T23:56:44+07:00" level=info msg="[GIN] 2023/04/19 - 23:56:44 | 401 |            0s |             ::1 | GET      \"/api/user\""
time="2023-04-19T23:56:44+07:00" level=info msg="[GIN] 2023/04/19 - 23:56:44 | 401 |            0s |             ::1 | GET      \"/api/user\""
time="2023-04-19T23:56:46+07:00" level=info msg="[GIN] 2023/04/19 - 23:56:46 | 200 |       732.1µs |             ::1 | GET      \"/api/jwt\""
time="2023-04-19T23:56:53+07:00" level=info msg="[GIN] 2023/04/19 - 23:56:53 | 400 |         408µs |             ::1 | GET      \"/api/user\""
time="2023-04-19T23:56:54+07:00" level=info msg="[GIN] 2023/04/19 - 23:56:54 | 400 |       269.6µs |             ::1 | GET      \"/api/user\""
time="2023-04-19T23:56:54+07:00" level=info msg="[GIN] 2023/04/19 - 23:56:54 | 400 |       420.6µs |             ::1 | GET      \"/api/user\""
time="2023-04-19T23:56:54+07:00" level=info msg="[GIN] 2023/04/19 - 23:56:54 | 400 |       553.6µs |             ::1 | GET      \"/api/user\""
time="2023-04-19T23:56:55+07:00" level=info msg="[GIN] 2023/04/19 - 23:56:55 | 400 |        81.7µs |             ::1 | GET      \"/api/user\""
time="2023-04-19T23:56:55+07:00" level=info msg="[GIN] 2023/04/19 - 23:56:55 | 400 |      1.5056ms |             ::1 | GET      \"/api/user\""
time="2023-04-19T23:56:56+07:00" level=info msg="[GIN] 2023/04/19 - 23:56:56 | 400 |         476µs |             ::1 | GET      \"/api/user\""
time="2023-04-19T23:56:56+07:00" level=info msg="[GIN] 2023/04/19 - 23:56:56 | 400 |       238.4µs |             ::1 | GET      \"/api/user\""
time="2023-04-19T23:56:57+07:00" level=info msg="[GIN] 2023/04/19 - 23:56:57 | 400 |       809.1µs |             ::1 | GET      \"/api/user\""
time="2023-04-19T23:56:57+07:00" level=info msg="[GIN] 2023/04/19 - 23:56:57 | 400 |       327.4µs |             ::1 | GET      \"/api/user\""
time="2023-04-19T23:56:58+07:00" level=info msg="[GIN] 2023/04/19 - 23:56:58 | 400 |       414.1µs |             ::1 | GET      \"/api/user\""
time="2023-04-19T23:56:59+07:00" level=info msg="[GIN] 2023/04/19 - 23:56:59 | 400 |       309.8µs |             ::1 | GET      \"/api/user\""
time="2023-04-19T23:57:00+07:00" level=info msg="[GIN] 2023/04/19 - 23:57:00 | 400 |       689.4µs |             ::1 | GET      \"/api/user\""
time="2023-04-19T23:57:00+07:00" level=info msg="[GIN] 2023/04/19 - 23:57:00 | 400 |        65.3µs |             ::1 | GET      \"/api/user\""
time="2023-04-19T23:57:01+07:00" level=info msg="[GIN] 2023/04/19 - 23:57:01 | 400 |       599.9µs |             ::1 | GET      \"/api/user\""
time="2023-04-19T23:57:01+07:00" level=info msg="[GIN] 2023/04/19 - 23:57:01 | 400 |       892.2µs |             ::1 | GET      \"/api/user\""
time="2023-04-19T23:57:02+07:00" level=info msg="[GIN] 2023/04/19 - 23:57:02 | 400 |       133.4µs |             ::1 | GET      \"/api/user\""
time="2023-04-19T23:57:03+07:00" level=info msg="[GIN] 2023/04/19 - 23:57:03 | 400 |       738.6µs |             ::1 | GET      \"/api/user\""
time="2023-04-19T23:57:04+07:00" level=info msg="[GIN] 2023/04/19 - 23:57:04 | 400 |       914.4µs |             ::1 | GET      \"/api/user\""
time="2023-04-19T23:57:05+07:00" level=info msg="[GIN] 2023/04/19 - 23:57:05 | 400 |            0s |             ::1 | GET      \"/api/user\""
time="2023-04-19T23:57:05+07:00" level=info msg="[GIN] 2023/04/19 - 23:57:05 | 400 |       574.4µs |             ::1 | GET      \"/api/user\""
time="2023-04-19T23:57:06+07:00" level=info msg="[GIN] 2023/04/19 - 23:57:06 | 400 |       483.4µs |             ::1 | GET      \"/api/user\""
time="2023-04-19T23:57:07+07:00" level=info msg="[GIN] 2023/04/19 - 23:57:07 | 400 |       917.9µs |             ::1 | GET      \"/api/user\""
time="2023-04-19T23:57:07+07:00" level=info msg="[GIN] 2023/04/19 - 23:57:07 | 400 |       389.3µs |             ::1 | GET      \"/api/user\""
time="2023-04-19T23:57:19+07:00" level=info msg="[GIN] 2023/04/19 - 23:57:19 | 400 |            0s |             ::1 | GET      \"/api/user\""
time="2023-04-19T23:57:20+07:00" level=info msg="[GIN] 2023/04/19 - 23:57:20 | 400 |       486.4µs |             ::1 | GET      \"/api/user\""
time="2023-04-19T23:57:20+07:00" level=info msg="[GIN] 2023/04/19 - 23:57:20 | 400 |            0s |             ::1 | GET      \"/api/user\""
time="2023-04-19T23:57:21+07:00" level=info msg="[GIN] 2023/04/19 - 23:57:21 | 400 |        52.2µs |             ::1 | GET      \"/api/user\""
time="2023-04-19T23:57:21+07:00" level=info msg="[GIN] 2023/04/19 - 23:57:21 | 400 |       770.8µs |             ::1 | GET      \"/api/user\""
time="2023-04-19T23:57:21+07:00" level=info msg="[GIN] 2023/04/19 - 23:57:21 | 400 |         484µs |             ::1 | GET      \"/api/user\""
time="2023-04-19T23:57:22+07:00" level=info msg="[GIN] 2023/04/19 - 23:57:22 | 400 |       569.9µs |             ::1 | GET      \"/api/user\""
time="2023-04-19T23:57:22+07:00" level=info msg="[GIN] 2023/04/19 - 23:57:22 | 400 |       579.9µs |             ::1 | GET      \"/api/user\""
time="2023-04-19T23:57:23+07:00" level=info msg="[GIN] 2023/04/19 - 23:57:23 | 400 |       292.5µs |             ::1 | GET      \"/api/user\""
time="2023-04-19T23:57:23+07:00" level=info msg="[GIN] 2023/04/19 - 23:57:23 | 400 |       614.4µs |             ::1 | GET      \"/api/user\""
time="2023-04-19T23:57:23+07:00" level=info msg="[GIN] 2023/04/19 - 23:57:23 | 400 |       385.6µs |             ::1 | GET      \"/api/user\""
time="2023-04-19T23:57:24+07:00" level=info msg="[GIN] 2023/04/19 - 23:57:24 | 400 |       855.6µs |             ::1 | GET      \"/api/user\""
time="2023-04-19T23:57:24+07:00" level=info msg="[GIN] 2023/04/19 - 23:57:24 | 400 |      1.5135ms |             ::1 | GET      \"/api/user\""
time="2023-04-19T23:57:25+07:00" level=info msg="[GIN] 2023/04/19 - 23:57:25 | 400 |            0s |             ::1 | GET      \"/api/user\""
time="2023-04-19T23:57:26+07:00" level=info msg="[GIN] 2023/04/19 - 23:57:26 | 400 |            0s |             ::1 | GET      \"/api/user\""
time="2023-04-19T23:57:26+07:00" level=info msg="[GIN] 2023/04/19 - 23:57:26 | 400 |         452µs |             ::1 | GET      \"/api/user\""
time="2023-04-19T23:59:46+07:00" level=info msg="[GIN] 2023/04/19 - 23:59:46 | 400 |       953.9µs |             ::1 | GET      \"/api/user\""
time="2023-04-19T23:59:50+07:00" level=info msg="[GIN] 2023/04/19 - 23:59:50 | 200 |       731.4µs |             ::1 | GET      \"/api/jwt\""
time="2023-04-19T23:59:52+07:00" level=info msg="[GIN] 2023/04/19 - 23:59:52 | 200 |       691.3µs |             ::1 | GET      \"/api/jwt\""
time="2023-04-19T23:59:53+07:00" level=info msg="[GIN] 2023/04/19 - 23:59:53 | 200 |       852.7µs |             ::1 | GET      \"/api/jwt\""
time="2023-04-19T23:59:53+07:00" level=info msg="[GIN] 2023/04/19 - 23:59:53 | 200 |       654.5µs |             ::1 | GET      \"/api/jwt\""
time="2023-04-19T23:59:53+07:00" level=info msg="[GIN] 2023/04/19 - 23:59:53 | 200 |       999.9µs |             ::1 | GET      \"/api/jwt\""
time="2023-04-19T23:59:54+07:00" level=info msg="[GIN] 2023/04/19 - 23:59:54 | 200 |       517.9µs |             ::1 | GET      \"/api/jwt\""
time="2023-04-19T23:59:54+07:00" level=info msg="[GIN] 2023/04/19 - 23:59:54 | 200 |       817.9µs |             ::1 | GET      \"/api/jwt\""
time="2023-04-19T23:59:54+07:00" level=info msg="[GIN] 2023/04/19 - 23:59:54 | 200 |       297.8µs |             ::1 | GET      \"/api/jwt\""
time="2023-04-19T23:59:55+07:00" level=info msg="[GIN] 2023/04/19 - 23:59:55 | 200 |       540.5µs |             ::1 | GET      \"/api/jwt\""
time="2023-04-19T23:59:55+07:00" level=info msg="[GIN] 2023/04/19 - 23:59:55 | 200 |       735.1µs |             ::1 | GET      \"/api/jwt\""
time="2023-04-19T23:59:56+07:00" level=info msg="[GIN] 2023/04/19 - 23:59:56 | 200 |       364.1µs |             ::1 | GET      \"/api/jwt\""
time="2023-04-19T23:59:56+07:00" level=info msg="[GIN] 2023/04/19 - 23:59:56 | 200 |       897.3µs |             ::1 | GET      \"/api/jwt\""
time="2023-04-20T00:00:02+07:00" level=info msg="[GIN] 2023/04/20 - 00:00:02 | 400 |       666.1µs |             ::1 | GET      \"/api/user\""
time="2023-04-20T00:00:04+07:00" level=info msg="[GIN] 2023/04/20 - 00:00:04 | 400 |         523µs |             ::1 | GET      \"/api/user\""
time="2023-04-20T00:00:04+07:00" level=info msg="[GIN] 2023/04/20 - 00:00:04 | 400 |      1.0012ms |             ::1 | GET      \"/api/user\""
time="2023-04-20T00:09:19+07:00" level=info msg="[GIN] 2023/04/20 - 00:09:19 | 400 |      1.4828ms |             ::1 | GET      \"/api/user\""
time="2023-04-20T00:09:20+07:00" level=info msg="[GIN] 2023/04/20 - 00:09:20 | 400 |       487.1µs |             ::1 | GET      \"/api/user\""
time="2023-04-20T00:09:52+07:00" level=info msg="[GIN] 2023/04/20 - 00:09:52 | 400 |      2.0262ms |             ::1 | GET      \"/api/user\""
time="2023-04-20T00:09:53+07:00" level=info msg="[GIN] 2023/04/20 - 00:09:53 | 400 |            0s |             ::1 | GET      \"/api/user\""
time="2023-04-20T00:10:11+07:00" level=info msg="[GIN] 2023/04/20 - 00:10:11 | 200 |       827.4µs |             ::1 | GET      \"/api/jwt\""
time="2023-04-20T00:10:20+07:00" level=info msg="[GIN] 2023/04/20 - 00:10:20 | 400 |       197.3µs |             ::1 | GET      \"/api/user\""
time="2023-04-20T00:10:22+07:00" level=info msg="[GIN] 2023/04/20 - 00:10:22 | 400 |            0s |             ::1 | GET      \"/api/user\""
time="2023-04-20T00:10:22+07:00" level=info msg="[GIN] 2023/04/20 - 00:10:22 | 400 |       388.2µs |             ::1 | GET      \"/api/user\""
time="2023-04-20T00:11:36+07:00" level=info msg="[GIN] 2023/04/20 - 00:11:36 | 400 |       609.2µs |             ::1 | GET      \"/api/user\""
time="2023-04-20T00:12:16+07:00" level=info msg="[GIN] 2023/04/20 - 00:12:16 | 400 |       1.739ms |             ::1 | GET      \"/api/user\""
time="2023-04-20T00:12:19+07:00" level=info msg="[GIN] 2023/04/20 - 00:12:19 | 400 |       348.8µs |             ::1 | GET      \"/api/user\""
time="2023-04-20T00:17:36+07:00" level=info msg="[GIN] 2023/04/20 - 00:17:36 | 400 |      1.2102ms |             ::1 | GET      \"/api/user\""
time="2023-04-20T00:17:37+07:00" level=info msg="[GIN] 2023/04/20 - 00:17:37 | 400 |       323.7µs |             ::1 | GET      \"/api/user\""
time="2023-04-20T00:19:04+07:00" level=info msg="[GIN] 2023/04/20 - 00:19:04 | 400 |      1.9203ms |             ::1 | GET      \"/api/user\""
time="2023-04-20T00:19:05+07:00" level=info msg="[GIN] 2023/04/20 - 00:19:05 | 400 |       186.8µs |             ::1 | GET      \"/api/user\""
time="2023-04-20T00:19:11+07:00" level=info msg="[GIN] 2023/04/20 - 00:19:11 | 400 |         524µs |             ::1 | GET      \"/api/user\""
time="2023-04-20T00:20:07+07:00" level=info msg="[GIN] 2023/04/20 - 00:20:07 | 400 |      3.8122ms |             ::1 | GET      \"/api/user\""
time="2023-04-20T00:22:05+07:00" level=info msg="[GIN] 2023/04/20 - 00:22:05 | 400 |      1.7598ms |             ::1 | GET      \"/api/user\""
time="2023-04-20T00:22:16+07:00" level=info msg="[GIN] 2023/04/20 - 00:22:16 | 400 |       384.4µs |             ::1 | GET      \"/api/user\""
time="2023-04-20T00:22:17+07:00" level=info msg="[GIN] 2023/04/20 - 00:22:17 | 400 |       468.2µs |             ::1 | GET      \"/api/user\""
time="2023-04-20T00:22:17+07:00" level=info msg="[GIN] 2023/04/20 - 00:22:17 | 400 |       439.4µs |             ::1 | GET      \"/api/user\""
time="2023-04-20T00:27:08+07:00" level=info msg="[GIN] 2023/04/20 - 00:27:08 | 400 |      3.2135ms |             ::1 | GET      \"/api/user\""
time="2023-04-20T00:27:09+07:00" level=info msg="[GIN] 2023/04/20 - 00:27:09 | 400 |       814.4µs |             ::1 | GET      \"/api/user\""
time="2023-04-20T00:27:10+07:00" level=info msg="[GIN] 2023/04/20 - 00:27:10 | 400 |       235.4µs |             ::1 | GET      \"/api/user\""
time="2023-04-20T00:32:33+07:00" level=info msg="[GIN] 2023/04/20 - 00:32:33 | 400 |       1.559ms |             ::1 | GET      \"/api/user\""
time="2023-04-20T00:37:54+07:00" level=info msg="[GIN] 2023/04/20 - 00:37:54 | 400 |       800.7µs |             ::1 | GET      \"/api/user\""
time="2023-04-20T00:37:55+07:00" level=info msg="[GIN] 2023/04/20 - 00:37:55 | 400 |       839.7µs |             ::1 | GET      \"/api/user\""
time="2023-04-20T00:38:16+07:00" level=info msg="[GIN] 2023/04/20 - 00:38:16 | 400 |      1.0401ms |             ::1 | GET      \"/api/user\""
time="2023-04-20T00:38:16+07:00" level=info msg="[GIN] 2023/04/20 - 00:38:16 | 400 |       751.8µs |             ::1 | GET      \"/api/user\""
time="2023-04-20T00:40:09+07:00" level=info msg="[GIN] 2023/04/20 - 00:40:09 | 400 |      1.8537ms |             ::1 | GET      \"/api/user\""
time="2023-04-20T00:40:10+07:00" level=info msg="[GIN] 2023/04/20 - 00:40:10 | 400 |       1.222ms |             ::1 | GET      \"/api/user\""
time="2023-04-20T01:01:59+07:00" level=info msg="[GIN] 2023/04/20 - 01:01:59 | 200 |       513.3µs |             ::1 | GET      \"/api/jwt\""
time="2023-04-20T01:02:25+07:00" level=info msg="[GIN] 2023/04/20 - 01:02:25 | 200 |       379.1µs |             ::1 | GET      \"/api/refresh-token/eyJhbGciOiJIUzI1NiIsInR5cCI6IkpXVCJ9.e30.kgCxJlk5E9aMHCN3_HvcG60CwUeE3nLMnPsJoXK5lSw\""
time="2023-04-20T01:02:26+07:00" level=info msg="[GIN] 2023/04/20 - 01:02:26 | 200 |            0s |             ::1 | GET      \"/api/refresh-token/eyJhbGciOiJIUzI1NiIsInR5cCI6IkpXVCJ9.e30.kgCxJlk5E9aMHCN3_HvcG60CwUeE3nLMnPsJoXK5lSw\""
time="2023-04-20T01:02:26+07:00" level=info msg="[GIN] 2023/04/20 - 01:02:26 | 200 |            0s |             ::1 | GET      \"/api/refresh-token/eyJhbGciOiJIUzI1NiIsInR5cCI6IkpXVCJ9.e30.kgCxJlk5E9aMHCN3_HvcG60CwUeE3nLMnPsJoXK5lSw\""
time="2023-04-20T01:02:27+07:00" level=info msg="[GIN] 2023/04/20 - 01:02:27 | 200 |            0s |             ::1 | GET      \"/api/refresh-token/eyJhbGciOiJIUzI1NiIsInR5cCI6IkpXVCJ9.e30.kgCxJlk5E9aMHCN3_HvcG60CwUeE3nLMnPsJoXK5lSw\""
time="2023-04-20T01:08:56+07:00" level=info msg="[GIN] 2023/04/20 - 01:08:56 | 200 |       548.9µs |             ::1 | GET      \"/api/refresh-token/eyJhbGciOiJIUzI1NiIsInR5cCI6IkpXVCJ9.e30.kgCxJlk5E9aMHCN3_HvcG60CwUeE3nLMnPsJoXK5lSw\""
time="2023-04-20T01:08:57+07:00" level=info msg="[GIN] 2023/04/20 - 01:08:57 | 200 |         951µs |             ::1 | GET      \"/api/refresh-token/eyJhbGciOiJIUzI1NiIsInR5cCI6IkpXVCJ9.e30.kgCxJlk5E9aMHCN3_HvcG60CwUeE3nLMnPsJoXK5lSw\""
time="2023-04-20T01:08:58+07:00" level=info msg="[GIN] 2023/04/20 - 01:08:58 | 200 |       986.5µs |             ::1 | GET      \"/api/refresh-token/eyJhbGciOiJIUzI1NiIsInR5cCI6IkpXVCJ9.e30.kgCxJlk5E9aMHCN3_HvcG60CwUeE3nLMnPsJoXK5lSw\""
time="2023-04-20T01:08:58+07:00" level=info msg="[GIN] 2023/04/20 - 01:08:58 | 200 |       211.1µs |             ::1 | GET      \"/api/refresh-token/eyJhbGciOiJIUzI1NiIsInR5cCI6IkpXVCJ9.e30.kgCxJlk5E9aMHCN3_HvcG60CwUeE3nLMnPsJoXK5lSw\""
time="2023-04-20T01:11:43+07:00" level=info msg="[GIN] 2023/04/20 - 01:11:43 | 200 |       422.3µs |             ::1 | GET      \"/api/refresh-token/eyJhbGciOiJIUzI1NiIsInR5cCI6IkpXVCJ9.e30.kgCxJlk5E9aMHCN3_HvcG60CwUeE3nLMnPsJoXK5lSw\""
time="2023-04-20T01:11:44+07:00" level=info msg="[GIN] 2023/04/20 - 01:11:44 | 200 |       764.5µs |             ::1 | GET      \"/api/refresh-token/eyJhbGciOiJIUzI1NiIsInR5cCI6IkpXVCJ9.e30.kgCxJlk5E9aMHCN3_HvcG60CwUeE3nLMnPsJoXK5lSw\""
time="2023-04-20T01:11:45+07:00" level=info msg="[GIN] 2023/04/20 - 01:11:45 | 200 |            0s |             ::1 | GET      \"/api/refresh-token/eyJhbGciOiJIUzI1NiIsInR5cCI6IkpXVCJ9.e30.kgCxJlk5E9aMHCN3_HvcG60CwUeE3nLMnPsJoXK5lSw\""
time="2023-04-20T01:11:45+07:00" level=info msg="[GIN] 2023/04/20 - 01:11:45 | 200 |       800.6µs |             ::1 | GET      \"/api/refresh-token/eyJhbGciOiJIUzI1NiIsInR5cCI6IkpXVCJ9.e30.kgCxJlk5E9aMHCN3_HvcG60CwUeE3nLMnPsJoXK5lSw\""
time="2023-04-20T01:11:45+07:00" level=info msg="[GIN] 2023/04/20 - 01:11:45 | 200 |       420.5µs |             ::1 | GET      \"/api/refresh-token/eyJhbGciOiJIUzI1NiIsInR5cCI6IkpXVCJ9.e30.kgCxJlk5E9aMHCN3_HvcG60CwUeE3nLMnPsJoXK5lSw\""
